[2025-01-27T21:11:07.210819+00:00] app_logger.INFO: Dieses ist eine Info-Nachricht. [] []
[2025-01-27T21:14:26.638859+00:00] app_logger.INFO: Dieses ist eine Info-Nachricht. [] []
[2025-01-27T21:14:26.639595+00:00] app_logger.INFO: nigma.csv [] []
[2025-01-27T21:14:26.639682+00:00] app_logger.INFO: n/i/nigma_6797f7329be74.csv [] []
[2025-01-27T21:14:26.639704+00:00] app_logger.INFO: idle [] []
[2025-01-27T21:14:26.639716+00:00] app_logger.INFO: 1 [] []
[2025-01-27T21:14:26.654766+00:00] app_logger.INFO: Id: null Filename: nigma.csv Path: n/i/nigma_6797f7329be74.csv Status: idle ConfigId: 1 CreatedAt: '2025-01-27 21:14:26.643011' UpdatedAt: '2025-01-27 21:14:26.643153'  [] []
[2025-01-27T21:42:03.408378+00:00] app_logger.INFO: 0 [] []
[2025-01-27T21:42:03.415019+00:00] app_logger.INFO: Dieses ist eine Info-Nachricht. [] []
[2025-01-27T21:42:03.428157+00:00] app_logger.INFO: nigma.csv [] []
[2025-01-27T21:42:03.428341+00:00] app_logger.INFO: n/i/nigma_6797fdab654f3.csv [] []
[2025-01-27T21:42:03.428384+00:00] app_logger.INFO: idle [] []
[2025-01-27T21:42:03.428437+00:00] app_logger.INFO: 1 [] []
[2025-01-27T21:42:03.437859+00:00] app_logger.INFO: Id: null Filename: nigma.csv Path: n/i/nigma_6797fdab654f3.csv Status: idle ConfigId: 1 CreatedAt: '2025-01-27 21:42:03.433543' UpdatedAt: '2025-01-27 21:42:03.433722'  [] []
[2025-01-27T21:42:49.524627+00:00] app_logger.INFO: 0 [] []
[2025-01-27T21:42:49.530295+00:00] app_logger.INFO: Dieses ist eine Info-Nachricht. [] []
[2025-01-27T21:42:49.548127+00:00] app_logger.INFO: nigma.csv [] []
[2025-01-27T21:42:49.548359+00:00] app_logger.INFO: n/i/nigma_6797fdd981743.csv [] []
[2025-01-27T21:42:49.548410+00:00] app_logger.INFO: idle [] []
[2025-01-27T21:42:49.548453+00:00] app_logger.INFO: 1 [] []
[2025-01-27T21:42:49.563263+00:00] app_logger.INFO: Id: null Filename: nigma.csv Path: n/i/nigma_6797fdd981743.csv Status: idle ConfigId: 1 CreatedAt: '2025-01-27 21:42:49.552777' UpdatedAt: '2025-01-27 21:42:49.552929'  [] []
[2025-01-27T21:43:05.898068+00:00] app_logger.INFO: DE [] []
[2025-01-27T21:43:05.907650+00:00] app_logger.INFO: Dieses ist eine Info-Nachricht. [] []
[2025-01-27T21:43:05.907838+00:00] app_logger.INFO: nigma.csv [] []
[2025-01-27T21:43:05.907903+00:00] app_logger.INFO: n/i/nigma_6797fde9dd954.csv [] []
[2025-01-27T21:43:05.907952+00:00] app_logger.INFO: idle [] []
[2025-01-27T21:43:05.908007+00:00] app_logger.INFO: 1 [] []
[2025-01-27T21:43:05.916132+00:00] app_logger.INFO: Id: null Filename: nigma.csv Path: n/i/nigma_6797fde9dd954.csv Status: idle ConfigId: 1 CreatedAt: '2025-01-27 21:43:05.912804' UpdatedAt: '2025-01-27 21:43:05.912959'  [] []
[2025-01-27T21:43:35.400198+00:00] app_logger.INFO: DE [] []
[2025-01-27T21:43:35.417907+00:00] app_logger.INFO: Dieses ist eine Info-Nachricht. [] []
[2025-01-27T21:43:35.441644+00:00] app_logger.INFO: nigma.csv [] []
[2025-01-27T21:43:35.441806+00:00] app_logger.INFO: n/i/nigma_6797fe0766040.csv [] []
[2025-01-27T21:43:35.441876+00:00] app_logger.INFO: idle [] []
[2025-01-27T21:43:35.441914+00:00] app_logger.INFO: 1 [] []
[2025-01-27T21:43:35.461288+00:00] app_logger.INFO: Id: null Filename: nigma.csv Path: n/i/nigma_6797fe0766040.csv Status: idle ConfigId: 1 CreatedAt: '2025-01-27 21:43:35.459108' UpdatedAt: '2025-01-27 21:43:35.459217'  [] []
[2025-01-27T21:44:07.902437+00:00] app_logger.INFO: Array (     [config_id] => 5 )  [] []
[2025-01-27T21:44:07.919726+00:00] app_logger.INFO: Dieses ist eine Info-Nachricht. [] []
[2025-01-27T21:44:07.919953+00:00] app_logger.INFO: nigma.csv [] []
[2025-01-27T21:44:07.920008+00:00] app_logger.INFO: n/i/nigma_6797fe27e0872.csv [] []
[2025-01-27T21:44:07.920051+00:00] app_logger.INFO: idle [] []
[2025-01-27T21:44:07.920094+00:00] app_logger.INFO: 1 [] []
[2025-01-27T21:44:07.927954+00:00] app_logger.INFO: Id: null Filename: nigma.csv Path: n/i/nigma_6797fe27e0872.csv Status: idle ConfigId: 1 CreatedAt: '2025-01-27 21:44:07.924867' UpdatedAt: '2025-01-27 21:44:07.925056'  [] []
[2025-01-27T21:49:24.035765+00:00] app_logger.INFO: Array (     [config_id] => 5 )  [] []
[2025-01-27T21:49:37.540068+00:00] app_logger.INFO: Dieses ist eine Info-Nachricht. [] []
[2025-01-27T21:49:37.541160+00:00] app_logger.INFO: nigma.csv [] []
[2025-01-27T21:49:37.541252+00:00] app_logger.INFO: n/i/nigma_6797ff7183c4b.csv [] []
[2025-01-27T21:49:37.541297+00:00] app_logger.INFO: idle [] []
[2025-01-27T21:49:37.541350+00:00] app_logger.INFO: 1 [] []
[2025-01-27T21:49:37.571638+00:00] app_logger.INFO: Id: null Filename: nigma.csv Path: n/i/nigma_6797ff7183c4b.csv Status: idle ConfigId: 5 CreatedAt: '2025-01-27 21:49:37.561811' UpdatedAt: '2025-01-27 21:49:37.562001'  [] []
[2025-01-27T21:49:44.003243+00:00] app_logger.INFO: Dieses ist eine Info-Nachricht. [] []
[2025-01-27T21:49:44.028157+00:00] app_logger.INFO: nigma.csv [] []
[2025-01-27T21:49:44.028334+00:00] app_logger.INFO: n/i/nigma_6797ff7800a51.csv [] []
[2025-01-27T21:49:44.028379+00:00] app_logger.INFO: idle [] []
[2025-01-27T21:49:44.028420+00:00] app_logger.INFO: 1 [] []
[2025-01-27T21:49:44.042910+00:00] app_logger.INFO: Id: null Filename: nigma.csv Path: n/i/nigma_6797ff7800a51.csv Status: idle ConfigId: 5 CreatedAt: '2025-01-27 21:49:44.032164' UpdatedAt: '2025-01-27 21:49:44.032274'  [] []
[2025-01-27T21:50:50.483666+00:00] app_logger.INFO: Dieses ist eine Info-Nachricht. [] []
[2025-01-27T21:50:50.498078+00:00] app_logger.INFO: nigma.csv [] []
[2025-01-27T21:50:50.498238+00:00] app_logger.INFO: n/i/nigma_6797ffba76040.csv [] []
[2025-01-27T21:50:50.498281+00:00] app_logger.INFO: idle [] []
[2025-01-27T21:50:50.498321+00:00] app_logger.INFO: 1 [] []
[2025-01-27T21:50:50.515831+00:00] app_logger.INFO: Id: null Filename: nigma.csv Path: n/i/nigma_6797ffba76040.csv Status: idle ConfigId: 4 CreatedAt: '2025-01-27 21:50:50.513147' UpdatedAt: '2025-01-27 21:50:50.513282'  [] []
[2025-01-27T21:51:41.398821+00:00] app_logger.INFO: Dieses ist eine Info-Nachricht. [] []
[2025-01-27T21:51:41.399783+00:00] app_logger.INFO: nigma.csv [] []
[2025-01-27T21:51:41.399821+00:00] app_logger.INFO: n/i/nigma_6797ffed6141c.csv [] []
[2025-01-27T21:51:41.399837+00:00] app_logger.INFO: idle [] []
[2025-01-27T21:51:41.399851+00:00] app_logger.INFO: 1 [] []
[2025-01-27T21:51:41.406867+00:00] app_logger.INFO: Id: null Filename: nigma.csv Path: n/i/nigma_6797ffed6141c.csv Status: idle ConfigId: 4 CreatedAt: '2025-01-27 21:51:41.404785' UpdatedAt: '2025-01-27 21:51:41.404897'  [] []
[2025-01-29T20:34:07.495502+00:00] app_logger.INFO: Dieses ist eine Info-Nachricht. [] []
[2025-01-29T20:34:07.498855+00:00] app_logger.INFO: nigma.csv [] []
[2025-01-29T20:34:07.498912+00:00] app_logger.INFO: n/i/nigma_679a90bf78b2c.csv [] []
[2025-01-29T20:34:07.498928+00:00] app_logger.INFO: idle [] []
[2025-01-29T20:34:07.498942+00:00] app_logger.INFO: 1 [] []
[2025-01-29T20:34:07.529557+00:00] app_logger.INFO: Id: null Filename: nigma.csv Path: n/i/nigma_679a90bf78b2c.csv Status: idle ProductStatus: null Prefix: null Marge: null ConfigId: 1 CreatedAt: '2025-01-29 20:34:07.502079' UpdatedAt: '2025-01-29 20:34:07.502189'  [] []
